<?xml version="1.0" encoding="UTF-8"?>
<!-- Generated by org.testng.reporters.JUnitReportReporter -->
<testsuite skipped="0" hostname="DESKTOP-GK61F68" name="runner.Runner" tests="1" failures="0" timestamp="2020-11-08T20:04:15 IST" time="0.479" errors="0">
  <testcase name="feature" time="0.479" classname="runner.Runner"/>
  <system-out/>
</testsuite> <!-- runner.Runner -->
