<?xml version="1.0" encoding="UTF-8"?>
<!-- Generated by org.testng.reporters.JUnitReportReporter -->
<testsuite skipped="0" hostname="Nithesh-Gowda" name="runner.Runner" tests="1" failures="0" timestamp="09 Sep 2020 14:43:10 GMT" time="0.395" errors="0">
  <testcase name="feature" time="0.395" classname="runner.Runner"/>
</testsuite> <!-- runner.Runner -->
